The system is: Linux - 4.15.10-1.el7.elrepo.x86_64 - x86_64
Compiling the C compiler identification source file "CMakeCCompilerId.c" succeeded.
Compiler: /projects/opt/centos7/gcc/6.2.0/bin/gcc 
Build flags: 
Id flags: 

The output was:
0


Compilation of the C compiler identification source "CMakeCCompilerId.c" produced "a.out"

The C compiler identification is GNU, found in "/home/rhalver/Cabana/core/CMakeFiles/2.8.12.2/CompilerIdC/a.out"

Compiling the CXX compiler identification source file "CMakeCXXCompilerId.cpp" succeeded.
Compiler: /projects/opt/centos7/gcc/6.2.0/bin/g++ 
Build flags: 
Id flags: 

The output was:
0


Compilation of the CXX compiler identification source "CMakeCXXCompilerId.cpp" produced "a.out"

The CXX compiler identification is GNU, found in "/home/rhalver/Cabana/core/CMakeFiles/2.8.12.2/CompilerIdCXX/a.out"

Determining if the C compiler works passed with the following output:
Change Dir: /home/rhalver/Cabana/core/CMakeFiles/CMakeTmp

Run Build Command:/usr/bin/gmake "cmTryCompileExec2930568906/fast"
/usr/bin/gmake -f CMakeFiles/cmTryCompileExec2930568906.dir/build.make CMakeFiles/cmTryCompileExec2930568906.dir/build
gmake[1]: Entering directory `/home/rhalver/Cabana/core/CMakeFiles/CMakeTmp'
/usr/bin/cmake -E cmake_progress_report /home/rhalver/Cabana/core/CMakeFiles/CMakeTmp/CMakeFiles 1
Building C object CMakeFiles/cmTryCompileExec2930568906.dir/testCCompiler.c.o
/projects/opt/centos7/gcc/6.2.0/bin/gcc    -o CMakeFiles/cmTryCompileExec2930568906.dir/testCCompiler.c.o   -c /home/rhalver/Cabana/core/CMakeFiles/CMakeTmp/testCCompiler.c
Linking C executable cmTryCompileExec2930568906
/usr/bin/cmake -E cmake_link_script CMakeFiles/cmTryCompileExec2930568906.dir/link.txt --verbose=1
/projects/opt/centos7/gcc/6.2.0/bin/gcc       CMakeFiles/cmTryCompileExec2930568906.dir/testCCompiler.c.o  -o cmTryCompileExec2930568906 -rdynamic 
gmake[1]: Leaving directory `/home/rhalver/Cabana/core/CMakeFiles/CMakeTmp'


Detecting C compiler ABI info compiled with the following output:
Change Dir: /home/rhalver/Cabana/core/CMakeFiles/CMakeTmp

Run Build Command:/usr/bin/gmake "cmTryCompileExec1683209145/fast"
/usr/bin/gmake -f CMakeFiles/cmTryCompileExec1683209145.dir/build.make CMakeFiles/cmTryCompileExec1683209145.dir/build
gmake[1]: Entering directory `/home/rhalver/Cabana/core/CMakeFiles/CMakeTmp'
/usr/bin/cmake -E cmake_progress_report /home/rhalver/Cabana/core/CMakeFiles/CMakeTmp/CMakeFiles 1
Building C object CMakeFiles/cmTryCompileExec1683209145.dir/CMakeCCompilerABI.c.o
/projects/opt/centos7/gcc/6.2.0/bin/gcc    -o CMakeFiles/cmTryCompileExec1683209145.dir/CMakeCCompilerABI.c.o   -c /usr/share/cmake/Modules/CMakeCCompilerABI.c
Linking C executable cmTryCompileExec1683209145
/usr/bin/cmake -E cmake_link_script CMakeFiles/cmTryCompileExec1683209145.dir/link.txt --verbose=1
/projects/opt/centos7/gcc/6.2.0/bin/gcc     -v CMakeFiles/cmTryCompileExec1683209145.dir/CMakeCCompilerABI.c.o  -o cmTryCompileExec1683209145 -rdynamic  
Using built-in specs.
COLLECT_GCC=/projects/opt/centos7/gcc/6.2.0/bin/gcc
COLLECT_LTO_WRAPPER=/projects/opt/centos7/gcc/6.2.0/packages/gcc-6.2.0/bin/../libexec/gcc/x86_64-pc-linux-gnu/6.2.0/lto-wrapper
Target: x86_64-pc-linux-gnu
Configured with: ../../work/gcc-6.2.0/configure --prefix=/projects/opt/centos7/gcc/6.2.0 --enable-__cxa_atexit --enable-threads=posix --enable-shared --enable-languages=c,c++,fortran,objc --enable-clocale=gnu --enable-cloog-backend=isl --disable-bootstrap --disable-multilib --with-local-prefix=/projects/opt/centos7/gcc/6.2.0 --with-mpfr=/projects/opt/centos7/gcc/6.2.0 --with-gmp=/projects/opt/centos7/gcc/6.2.0 --with-mpc=/projects/opt/centos7/gcc/6.2.0 --with-system-zlib
Thread model: posix
gcc version 6.2.0 (GCC) 
COMPILER_PATH=/projects/opt/centos7/gcc/6.2.0/packages/gcc-6.2.0/bin/../libexec/gcc/x86_64-pc-linux-gnu/6.2.0/:/projects/opt/centos7/gcc/6.2.0/packages/gcc-6.2.0/bin/../libexec/gcc/
LIBRARY_PATH=/projects/opt/centos7/gcc/6.2.0/packages/gcc-6.2.0/bin/../lib/gcc/x86_64-pc-linux-gnu/6.2.0/:/projects/opt/centos7/gcc/6.2.0/packages/gcc-6.2.0/bin/../lib/gcc/:/projects/opt/centos7/gcc/6.2.0/packages/gcc-6.2.0/bin/../lib/gcc/x86_64-pc-linux-gnu/6.2.0/../../../../lib64/:/lib/../lib64/:/usr/lib/../lib64/:/projects/opt/centos7/gcc/6.2.0/packages/gcc-6.2.0/bin/../lib/gcc/x86_64-pc-linux-gnu/6.2.0/../../../:/lib/:/usr/lib/
COLLECT_GCC_OPTIONS='-v' '-o' 'cmTryCompileExec1683209145' '-rdynamic' '-mtune=generic' '-march=x86-64'
 /projects/opt/centos7/gcc/6.2.0/packages/gcc-6.2.0/bin/../libexec/gcc/x86_64-pc-linux-gnu/6.2.0/collect2 -plugin /projects/opt/centos7/gcc/6.2.0/packages/gcc-6.2.0/bin/../libexec/gcc/x86_64-pc-linux-gnu/6.2.0/liblto_plugin.so -plugin-opt=/projects/opt/centos7/gcc/6.2.0/packages/gcc-6.2.0/bin/../libexec/gcc/x86_64-pc-linux-gnu/6.2.0/lto-wrapper -plugin-opt=-fresolution=/tmp/ccaTaIXG.res -plugin-opt=-pass-through=-lgcc -plugin-opt=-pass-through=-lgcc_s -plugin-opt=-pass-through=-lc -plugin-opt=-pass-through=-lgcc -plugin-opt=-pass-through=-lgcc_s --eh-frame-hdr -m elf_x86_64 -export-dynamic -dynamic-linker /lib64/ld-linux-x86-64.so.2 -o cmTryCompileExec1683209145 /lib/../lib64/crt1.o /lib/../lib64/crti.o /projects/opt/centos7/gcc/6.2.0/packages/gcc-6.2.0/bin/../lib/gcc/x86_64-pc-linux-gnu/6.2.0/crtbegin.o -L/projects/opt/centos7/gcc/6.2.0/packages/gcc-6.2.0/bin/../lib/gcc/x86_64-pc-linux-gnu/6.2.0 -L/projects/opt/centos7/gcc/6.2.0/packages/gcc-6.2.0/bin/../lib/gcc -L/projects/opt/centos7/gcc/6.2.0/packages/gcc-6.2.0/bin/../lib/gcc/x86_64-pc-linux-gnu/6.2.0/../../../../lib64 -L/lib/../lib64 -L/usr/lib/../lib64 -L/projects/opt/centos7/gcc/6.2.0/packages/gcc-6.2.0/bin/../lib/gcc/x86_64-pc-linux-gnu/6.2.0/../../.. CMakeFiles/cmTryCompileExec1683209145.dir/CMakeCCompilerABI.c.o -lgcc --as-needed -lgcc_s --no-as-needed -lc -lgcc --as-needed -lgcc_s --no-as-needed /projects/opt/centos7/gcc/6.2.0/packages/gcc-6.2.0/bin/../lib/gcc/x86_64-pc-linux-gnu/6.2.0/crtend.o /lib/../lib64/crtn.o
COLLECT_GCC_OPTIONS='-v' '-o' 'cmTryCompileExec1683209145' '-rdynamic' '-mtune=generic' '-march=x86-64'
gmake[1]: Leaving directory `/home/rhalver/Cabana/core/CMakeFiles/CMakeTmp'


Parsed C implicit link information from above output:
  link line regex: [^( *|.*[/\])(ld|([^/\]+-)?ld|collect2)[^/\]*( |$)]
  ignore line: [Change Dir: /home/rhalver/Cabana/core/CMakeFiles/CMakeTmp]
  ignore line: []
  ignore line: [Run Build Command:/usr/bin/gmake "cmTryCompileExec1683209145/fast"]
  ignore line: [/usr/bin/gmake -f CMakeFiles/cmTryCompileExec1683209145.dir/build.make CMakeFiles/cmTryCompileExec1683209145.dir/build]
  ignore line: [gmake[1]: Entering directory `/home/rhalver/Cabana/core/CMakeFiles/CMakeTmp']
  ignore line: [/usr/bin/cmake -E cmake_progress_report /home/rhalver/Cabana/core/CMakeFiles/CMakeTmp/CMakeFiles 1]
  ignore line: [Building C object CMakeFiles/cmTryCompileExec1683209145.dir/CMakeCCompilerABI.c.o]
  ignore line: [/projects/opt/centos7/gcc/6.2.0/bin/gcc    -o CMakeFiles/cmTryCompileExec1683209145.dir/CMakeCCompilerABI.c.o   -c /usr/share/cmake/Modules/CMakeCCompilerABI.c]
  ignore line: [Linking C executable cmTryCompileExec1683209145]
  ignore line: [/usr/bin/cmake -E cmake_link_script CMakeFiles/cmTryCompileExec1683209145.dir/link.txt --verbose=1]
  ignore line: [/projects/opt/centos7/gcc/6.2.0/bin/gcc     -v CMakeFiles/cmTryCompileExec1683209145.dir/CMakeCCompilerABI.c.o  -o cmTryCompileExec1683209145 -rdynamic  ]
  ignore line: [Using built-in specs.]
  ignore line: [COLLECT_GCC=/projects/opt/centos7/gcc/6.2.0/bin/gcc]
  ignore line: [COLLECT_LTO_WRAPPER=/projects/opt/centos7/gcc/6.2.0/packages/gcc-6.2.0/bin/../libexec/gcc/x86_64-pc-linux-gnu/6.2.0/lto-wrapper]
  ignore line: [Target: x86_64-pc-linux-gnu]
  ignore line: [Configured with: ../../work/gcc-6.2.0/configure --prefix=/projects/opt/centos7/gcc/6.2.0 --enable-__cxa_atexit --enable-threads=posix --enable-shared --enable-languages=c,c++,fortran,objc --enable-clocale=gnu --enable-cloog-backend=isl --disable-bootstrap --disable-multilib --with-local-prefix=/projects/opt/centos7/gcc/6.2.0 --with-mpfr=/projects/opt/centos7/gcc/6.2.0 --with-gmp=/projects/opt/centos7/gcc/6.2.0 --with-mpc=/projects/opt/centos7/gcc/6.2.0 --with-system-zlib]
  ignore line: [Thread model: posix]
  ignore line: [gcc version 6.2.0 (GCC) ]
  ignore line: [COMPILER_PATH=/projects/opt/centos7/gcc/6.2.0/packages/gcc-6.2.0/bin/../libexec/gcc/x86_64-pc-linux-gnu/6.2.0/:/projects/opt/centos7/gcc/6.2.0/packages/gcc-6.2.0/bin/../libexec/gcc/]
  ignore line: [LIBRARY_PATH=/projects/opt/centos7/gcc/6.2.0/packages/gcc-6.2.0/bin/../lib/gcc/x86_64-pc-linux-gnu/6.2.0/:/projects/opt/centos7/gcc/6.2.0/packages/gcc-6.2.0/bin/../lib/gcc/:/projects/opt/centos7/gcc/6.2.0/packages/gcc-6.2.0/bin/../lib/gcc/x86_64-pc-linux-gnu/6.2.0/../../../../lib64/:/lib/../lib64/:/usr/lib/../lib64/:/projects/opt/centos7/gcc/6.2.0/packages/gcc-6.2.0/bin/../lib/gcc/x86_64-pc-linux-gnu/6.2.0/../../../:/lib/:/usr/lib/]
  ignore line: [COLLECT_GCC_OPTIONS='-v' '-o' 'cmTryCompileExec1683209145' '-rdynamic' '-mtune=generic' '-march=x86-64']
  link line: [ /projects/opt/centos7/gcc/6.2.0/packages/gcc-6.2.0/bin/../libexec/gcc/x86_64-pc-linux-gnu/6.2.0/collect2 -plugin /projects/opt/centos7/gcc/6.2.0/packages/gcc-6.2.0/bin/../libexec/gcc/x86_64-pc-linux-gnu/6.2.0/liblto_plugin.so -plugin-opt=/projects/opt/centos7/gcc/6.2.0/packages/gcc-6.2.0/bin/../libexec/gcc/x86_64-pc-linux-gnu/6.2.0/lto-wrapper -plugin-opt=-fresolution=/tmp/ccaTaIXG.res -plugin-opt=-pass-through=-lgcc -plugin-opt=-pass-through=-lgcc_s -plugin-opt=-pass-through=-lc -plugin-opt=-pass-through=-lgcc -plugin-opt=-pass-through=-lgcc_s --eh-frame-hdr -m elf_x86_64 -export-dynamic -dynamic-linker /lib64/ld-linux-x86-64.so.2 -o cmTryCompileExec1683209145 /lib/../lib64/crt1.o /lib/../lib64/crti.o /projects/opt/centos7/gcc/6.2.0/packages/gcc-6.2.0/bin/../lib/gcc/x86_64-pc-linux-gnu/6.2.0/crtbegin.o -L/projects/opt/centos7/gcc/6.2.0/packages/gcc-6.2.0/bin/../lib/gcc/x86_64-pc-linux-gnu/6.2.0 -L/projects/opt/centos7/gcc/6.2.0/packages/gcc-6.2.0/bin/../lib/gcc -L/projects/opt/centos7/gcc/6.2.0/packages/gcc-6.2.0/bin/../lib/gcc/x86_64-pc-linux-gnu/6.2.0/../../../../lib64 -L/lib/../lib64 -L/usr/lib/../lib64 -L/projects/opt/centos7/gcc/6.2.0/packages/gcc-6.2.0/bin/../lib/gcc/x86_64-pc-linux-gnu/6.2.0/../../.. CMakeFiles/cmTryCompileExec1683209145.dir/CMakeCCompilerABI.c.o -lgcc --as-needed -lgcc_s --no-as-needed -lc -lgcc --as-needed -lgcc_s --no-as-needed /projects/opt/centos7/gcc/6.2.0/packages/gcc-6.2.0/bin/../lib/gcc/x86_64-pc-linux-gnu/6.2.0/crtend.o /lib/../lib64/crtn.o]
    arg [/projects/opt/centos7/gcc/6.2.0/packages/gcc-6.2.0/bin/../libexec/gcc/x86_64-pc-linux-gnu/6.2.0/collect2] ==> ignore
    arg [-plugin] ==> ignore
    arg [/projects/opt/centos7/gcc/6.2.0/packages/gcc-6.2.0/bin/../libexec/gcc/x86_64-pc-linux-gnu/6.2.0/liblto_plugin.so] ==> ignore
    arg [-plugin-opt=/projects/opt/centos7/gcc/6.2.0/packages/gcc-6.2.0/bin/../libexec/gcc/x86_64-pc-linux-gnu/6.2.0/lto-wrapper] ==> ignore
    arg [-plugin-opt=-fresolution=/tmp/ccaTaIXG.res] ==> ignore
    arg [-plugin-opt=-pass-through=-lgcc] ==> ignore
    arg [-plugin-opt=-pass-through=-lgcc_s] ==> ignore
    arg [-plugin-opt=-pass-through=-lc] ==> ignore
    arg [-plugin-opt=-pass-through=-lgcc] ==> ignore
    arg [-plugin-opt=-pass-through=-lgcc_s] ==> ignore
    arg [--eh-frame-hdr] ==> ignore
    arg [-m] ==> ignore
    arg [elf_x86_64] ==> ignore
    arg [-export-dynamic] ==> ignore
    arg [-dynamic-linker] ==> ignore
    arg [/lib64/ld-linux-x86-64.so.2] ==> ignore
    arg [-o] ==> ignore
    arg [cmTryCompileExec1683209145] ==> ignore
    arg [/lib/../lib64/crt1.o] ==> ignore
    arg [/lib/../lib64/crti.o] ==> ignore
    arg [/projects/opt/centos7/gcc/6.2.0/packages/gcc-6.2.0/bin/../lib/gcc/x86_64-pc-linux-gnu/6.2.0/crtbegin.o] ==> ignore
    arg [-L/projects/opt/centos7/gcc/6.2.0/packages/gcc-6.2.0/bin/../lib/gcc/x86_64-pc-linux-gnu/6.2.0] ==> dir [/projects/opt/centos7/gcc/6.2.0/packages/gcc-6.2.0/bin/../lib/gcc/x86_64-pc-linux-gnu/6.2.0]
    arg [-L/projects/opt/centos7/gcc/6.2.0/packages/gcc-6.2.0/bin/../lib/gcc] ==> dir [/projects/opt/centos7/gcc/6.2.0/packages/gcc-6.2.0/bin/../lib/gcc]
    arg [-L/projects/opt/centos7/gcc/6.2.0/packages/gcc-6.2.0/bin/../lib/gcc/x86_64-pc-linux-gnu/6.2.0/../../../../lib64] ==> dir [/projects/opt/centos7/gcc/6.2.0/packages/gcc-6.2.0/bin/../lib/gcc/x86_64-pc-linux-gnu/6.2.0/../../../../lib64]
    arg [-L/lib/../lib64] ==> dir [/lib/../lib64]
    arg [-L/usr/lib/../lib64] ==> dir [/usr/lib/../lib64]
    arg [-L/projects/opt/centos7/gcc/6.2.0/packages/gcc-6.2.0/bin/../lib/gcc/x86_64-pc-linux-gnu/6.2.0/../../..] ==> dir [/projects/opt/centos7/gcc/6.2.0/packages/gcc-6.2.0/bin/../lib/gcc/x86_64-pc-linux-gnu/6.2.0/../../..]
    arg [CMakeFiles/cmTryCompileExec1683209145.dir/CMakeCCompilerABI.c.o] ==> ignore
    arg [-lgcc] ==> lib [gcc]
    arg [--as-needed] ==> ignore
    arg [-lgcc_s] ==> lib [gcc_s]
    arg [--no-as-needed] ==> ignore
    arg [-lc] ==> lib [c]
    arg [-lgcc] ==> lib [gcc]
    arg [--as-needed] ==> ignore
    arg [-lgcc_s] ==> lib [gcc_s]
    arg [--no-as-needed] ==> ignore
    arg [/projects/opt/centos7/gcc/6.2.0/packages/gcc-6.2.0/bin/../lib/gcc/x86_64-pc-linux-gnu/6.2.0/crtend.o] ==> ignore
    arg [/lib/../lib64/crtn.o] ==> ignore
  remove lib [gcc]
  remove lib [gcc_s]
  remove lib [gcc]
  remove lib [gcc_s]
  collapse library dir [/projects/opt/centos7/gcc/6.2.0/packages/gcc-6.2.0/bin/../lib/gcc/x86_64-pc-linux-gnu/6.2.0] ==> [/projects/opt/centos7/gcc/6.2.0/packages/gcc-6.2.0/lib/gcc/x86_64-pc-linux-gnu/6.2.0]
  collapse library dir [/projects/opt/centos7/gcc/6.2.0/packages/gcc-6.2.0/bin/../lib/gcc] ==> [/projects/opt/centos7/gcc/6.2.0/packages/gcc-6.2.0/lib/gcc]
  collapse library dir [/projects/opt/centos7/gcc/6.2.0/packages/gcc-6.2.0/bin/../lib/gcc/x86_64-pc-linux-gnu/6.2.0/../../../../lib64] ==> [/projects/opt/centos7/gcc/6.2.0/packages/gcc-6.2.0/lib64]
  collapse library dir [/lib/../lib64] ==> [/lib64]
  collapse library dir [/usr/lib/../lib64] ==> [/usr/lib64]
  collapse library dir [/projects/opt/centos7/gcc/6.2.0/packages/gcc-6.2.0/bin/../lib/gcc/x86_64-pc-linux-gnu/6.2.0/../../..] ==> [/projects/opt/centos7/gcc/6.2.0/packages/gcc-6.2.0/lib]
  implicit libs: [c]
  implicit dirs: [/projects/opt/centos7/gcc/6.2.0/packages/gcc-6.2.0/lib/gcc/x86_64-pc-linux-gnu/6.2.0;/projects/opt/centos7/gcc/6.2.0/packages/gcc-6.2.0/lib/gcc;/projects/opt/centos7/gcc/6.2.0/packages/gcc-6.2.0/lib64;/lib64;/usr/lib64;/projects/opt/centos7/gcc/6.2.0/packages/gcc-6.2.0/lib]
  implicit fwks: []


Determining if the CXX compiler works passed with the following output:
Change Dir: /home/rhalver/Cabana/core/CMakeFiles/CMakeTmp

Run Build Command:/usr/bin/gmake "cmTryCompileExec536185487/fast"
/usr/bin/gmake -f CMakeFiles/cmTryCompileExec536185487.dir/build.make CMakeFiles/cmTryCompileExec536185487.dir/build
gmake[1]: Entering directory `/home/rhalver/Cabana/core/CMakeFiles/CMakeTmp'
/usr/bin/cmake -E cmake_progress_report /home/rhalver/Cabana/core/CMakeFiles/CMakeTmp/CMakeFiles 1
Building CXX object CMakeFiles/cmTryCompileExec536185487.dir/testCXXCompiler.cxx.o
/projects/opt/centos7/gcc/6.2.0/bin/g++     -o CMakeFiles/cmTryCompileExec536185487.dir/testCXXCompiler.cxx.o -c /home/rhalver/Cabana/core/CMakeFiles/CMakeTmp/testCXXCompiler.cxx
Linking CXX executable cmTryCompileExec536185487
/usr/bin/cmake -E cmake_link_script CMakeFiles/cmTryCompileExec536185487.dir/link.txt --verbose=1
/projects/opt/centos7/gcc/6.2.0/bin/g++        CMakeFiles/cmTryCompileExec536185487.dir/testCXXCompiler.cxx.o  -o cmTryCompileExec536185487 -rdynamic 
gmake[1]: Leaving directory `/home/rhalver/Cabana/core/CMakeFiles/CMakeTmp'


Detecting CXX compiler ABI info compiled with the following output:
Change Dir: /home/rhalver/Cabana/core/CMakeFiles/CMakeTmp

Run Build Command:/usr/bin/gmake "cmTryCompileExec3584515376/fast"
/usr/bin/gmake -f CMakeFiles/cmTryCompileExec3584515376.dir/build.make CMakeFiles/cmTryCompileExec3584515376.dir/build
gmake[1]: Entering directory `/home/rhalver/Cabana/core/CMakeFiles/CMakeTmp'
/usr/bin/cmake -E cmake_progress_report /home/rhalver/Cabana/core/CMakeFiles/CMakeTmp/CMakeFiles 1
Building CXX object CMakeFiles/cmTryCompileExec3584515376.dir/CMakeCXXCompilerABI.cpp.o
/projects/opt/centos7/gcc/6.2.0/bin/g++     -o CMakeFiles/cmTryCompileExec3584515376.dir/CMakeCXXCompilerABI.cpp.o -c /usr/share/cmake/Modules/CMakeCXXCompilerABI.cpp
Linking CXX executable cmTryCompileExec3584515376
/usr/bin/cmake -E cmake_link_script CMakeFiles/cmTryCompileExec3584515376.dir/link.txt --verbose=1
/projects/opt/centos7/gcc/6.2.0/bin/g++      -v CMakeFiles/cmTryCompileExec3584515376.dir/CMakeCXXCompilerABI.cpp.o  -o cmTryCompileExec3584515376 -rdynamic  
Using built-in specs.
COLLECT_GCC=/projects/opt/centos7/gcc/6.2.0/bin/g++
COLLECT_LTO_WRAPPER=/projects/opt/centos7/gcc/6.2.0/packages/gcc-6.2.0/bin/../libexec/gcc/x86_64-pc-linux-gnu/6.2.0/lto-wrapper
Target: x86_64-pc-linux-gnu
Configured with: ../../work/gcc-6.2.0/configure --prefix=/projects/opt/centos7/gcc/6.2.0 --enable-__cxa_atexit --enable-threads=posix --enable-shared --enable-languages=c,c++,fortran,objc --enable-clocale=gnu --enable-cloog-backend=isl --disable-bootstrap --disable-multilib --with-local-prefix=/projects/opt/centos7/gcc/6.2.0 --with-mpfr=/projects/opt/centos7/gcc/6.2.0 --with-gmp=/projects/opt/centos7/gcc/6.2.0 --with-mpc=/projects/opt/centos7/gcc/6.2.0 --with-system-zlib
Thread model: posix
gcc version 6.2.0 (GCC) 
COMPILER_PATH=/projects/opt/centos7/gcc/6.2.0/packages/gcc-6.2.0/bin/../libexec/gcc/x86_64-pc-linux-gnu/6.2.0/:/projects/opt/centos7/gcc/6.2.0/packages/gcc-6.2.0/bin/../libexec/gcc/
LIBRARY_PATH=/projects/opt/centos7/gcc/6.2.0/packages/gcc-6.2.0/bin/../lib/gcc/x86_64-pc-linux-gnu/6.2.0/:/projects/opt/centos7/gcc/6.2.0/packages/gcc-6.2.0/bin/../lib/gcc/:/projects/opt/centos7/gcc/6.2.0/packages/gcc-6.2.0/bin/../lib/gcc/x86_64-pc-linux-gnu/6.2.0/../../../../lib64/:/lib/../lib64/:/usr/lib/../lib64/:/projects/opt/centos7/gcc/6.2.0/packages/gcc-6.2.0/bin/../lib/gcc/x86_64-pc-linux-gnu/6.2.0/../../../:/lib/:/usr/lib/
COLLECT_GCC_OPTIONS='-v' '-o' 'cmTryCompileExec3584515376' '-rdynamic' '-shared-libgcc' '-mtune=generic' '-march=x86-64'
 /projects/opt/centos7/gcc/6.2.0/packages/gcc-6.2.0/bin/../libexec/gcc/x86_64-pc-linux-gnu/6.2.0/collect2 -plugin /projects/opt/centos7/gcc/6.2.0/packages/gcc-6.2.0/bin/../libexec/gcc/x86_64-pc-linux-gnu/6.2.0/liblto_plugin.so -plugin-opt=/projects/opt/centos7/gcc/6.2.0/packages/gcc-6.2.0/bin/../libexec/gcc/x86_64-pc-linux-gnu/6.2.0/lto-wrapper -plugin-opt=-fresolution=/tmp/cccWFWBk.res -plugin-opt=-pass-through=-lgcc_s -plugin-opt=-pass-through=-lgcc -plugin-opt=-pass-through=-lc -plugin-opt=-pass-through=-lgcc_s -plugin-opt=-pass-through=-lgcc --eh-frame-hdr -m elf_x86_64 -export-dynamic -dynamic-linker /lib64/ld-linux-x86-64.so.2 -o cmTryCompileExec3584515376 /lib/../lib64/crt1.o /lib/../lib64/crti.o /projects/opt/centos7/gcc/6.2.0/packages/gcc-6.2.0/bin/../lib/gcc/x86_64-pc-linux-gnu/6.2.0/crtbegin.o -L/projects/opt/centos7/gcc/6.2.0/packages/gcc-6.2.0/bin/../lib/gcc/x86_64-pc-linux-gnu/6.2.0 -L/projects/opt/centos7/gcc/6.2.0/packages/gcc-6.2.0/bin/../lib/gcc -L/projects/opt/centos7/gcc/6.2.0/packages/gcc-6.2.0/bin/../lib/gcc/x86_64-pc-linux-gnu/6.2.0/../../../../lib64 -L/lib/../lib64 -L/usr/lib/../lib64 -L/projects/opt/centos7/gcc/6.2.0/packages/gcc-6.2.0/bin/../lib/gcc/x86_64-pc-linux-gnu/6.2.0/../../.. CMakeFiles/cmTryCompileExec3584515376.dir/CMakeCXXCompilerABI.cpp.o -lstdc++ -lm -lgcc_s -lgcc -lc -lgcc_s -lgcc /projects/opt/centos7/gcc/6.2.0/packages/gcc-6.2.0/bin/../lib/gcc/x86_64-pc-linux-gnu/6.2.0/crtend.o /lib/../lib64/crtn.o
COLLECT_GCC_OPTIONS='-v' '-o' 'cmTryCompileExec3584515376' '-rdynamic' '-shared-libgcc' '-mtune=generic' '-march=x86-64'
gmake[1]: Leaving directory `/home/rhalver/Cabana/core/CMakeFiles/CMakeTmp'


Parsed CXX implicit link information from above output:
  link line regex: [^( *|.*[/\])(ld|([^/\]+-)?ld|collect2)[^/\]*( |$)]
  ignore line: [Change Dir: /home/rhalver/Cabana/core/CMakeFiles/CMakeTmp]
  ignore line: []
  ignore line: [Run Build Command:/usr/bin/gmake "cmTryCompileExec3584515376/fast"]
  ignore line: [/usr/bin/gmake -f CMakeFiles/cmTryCompileExec3584515376.dir/build.make CMakeFiles/cmTryCompileExec3584515376.dir/build]
  ignore line: [gmake[1]: Entering directory `/home/rhalver/Cabana/core/CMakeFiles/CMakeTmp']
  ignore line: [/usr/bin/cmake -E cmake_progress_report /home/rhalver/Cabana/core/CMakeFiles/CMakeTmp/CMakeFiles 1]
  ignore line: [Building CXX object CMakeFiles/cmTryCompileExec3584515376.dir/CMakeCXXCompilerABI.cpp.o]
  ignore line: [/projects/opt/centos7/gcc/6.2.0/bin/g++     -o CMakeFiles/cmTryCompileExec3584515376.dir/CMakeCXXCompilerABI.cpp.o -c /usr/share/cmake/Modules/CMakeCXXCompilerABI.cpp]
  ignore line: [Linking CXX executable cmTryCompileExec3584515376]
  ignore line: [/usr/bin/cmake -E cmake_link_script CMakeFiles/cmTryCompileExec3584515376.dir/link.txt --verbose=1]
  ignore line: [/projects/opt/centos7/gcc/6.2.0/bin/g++      -v CMakeFiles/cmTryCompileExec3584515376.dir/CMakeCXXCompilerABI.cpp.o  -o cmTryCompileExec3584515376 -rdynamic  ]
  ignore line: [Using built-in specs.]
  ignore line: [COLLECT_GCC=/projects/opt/centos7/gcc/6.2.0/bin/g++]
  ignore line: [COLLECT_LTO_WRAPPER=/projects/opt/centos7/gcc/6.2.0/packages/gcc-6.2.0/bin/../libexec/gcc/x86_64-pc-linux-gnu/6.2.0/lto-wrapper]
  ignore line: [Target: x86_64-pc-linux-gnu]
  ignore line: [Configured with: ../../work/gcc-6.2.0/configure --prefix=/projects/opt/centos7/gcc/6.2.0 --enable-__cxa_atexit --enable-threads=posix --enable-shared --enable-languages=c,c++,fortran,objc --enable-clocale=gnu --enable-cloog-backend=isl --disable-bootstrap --disable-multilib --with-local-prefix=/projects/opt/centos7/gcc/6.2.0 --with-mpfr=/projects/opt/centos7/gcc/6.2.0 --with-gmp=/projects/opt/centos7/gcc/6.2.0 --with-mpc=/projects/opt/centos7/gcc/6.2.0 --with-system-zlib]
  ignore line: [Thread model: posix]
  ignore line: [gcc version 6.2.0 (GCC) ]
  ignore line: [COMPILER_PATH=/projects/opt/centos7/gcc/6.2.0/packages/gcc-6.2.0/bin/../libexec/gcc/x86_64-pc-linux-gnu/6.2.0/:/projects/opt/centos7/gcc/6.2.0/packages/gcc-6.2.0/bin/../libexec/gcc/]
  ignore line: [LIBRARY_PATH=/projects/opt/centos7/gcc/6.2.0/packages/gcc-6.2.0/bin/../lib/gcc/x86_64-pc-linux-gnu/6.2.0/:/projects/opt/centos7/gcc/6.2.0/packages/gcc-6.2.0/bin/../lib/gcc/:/projects/opt/centos7/gcc/6.2.0/packages/gcc-6.2.0/bin/../lib/gcc/x86_64-pc-linux-gnu/6.2.0/../../../../lib64/:/lib/../lib64/:/usr/lib/../lib64/:/projects/opt/centos7/gcc/6.2.0/packages/gcc-6.2.0/bin/../lib/gcc/x86_64-pc-linux-gnu/6.2.0/../../../:/lib/:/usr/lib/]
  ignore line: [COLLECT_GCC_OPTIONS='-v' '-o' 'cmTryCompileExec3584515376' '-rdynamic' '-shared-libgcc' '-mtune=generic' '-march=x86-64']
  link line: [ /projects/opt/centos7/gcc/6.2.0/packages/gcc-6.2.0/bin/../libexec/gcc/x86_64-pc-linux-gnu/6.2.0/collect2 -plugin /projects/opt/centos7/gcc/6.2.0/packages/gcc-6.2.0/bin/../libexec/gcc/x86_64-pc-linux-gnu/6.2.0/liblto_plugin.so -plugin-opt=/projects/opt/centos7/gcc/6.2.0/packages/gcc-6.2.0/bin/../libexec/gcc/x86_64-pc-linux-gnu/6.2.0/lto-wrapper -plugin-opt=-fresolution=/tmp/cccWFWBk.res -plugin-opt=-pass-through=-lgcc_s -plugin-opt=-pass-through=-lgcc -plugin-opt=-pass-through=-lc -plugin-opt=-pass-through=-lgcc_s -plugin-opt=-pass-through=-lgcc --eh-frame-hdr -m elf_x86_64 -export-dynamic -dynamic-linker /lib64/ld-linux-x86-64.so.2 -o cmTryCompileExec3584515376 /lib/../lib64/crt1.o /lib/../lib64/crti.o /projects/opt/centos7/gcc/6.2.0/packages/gcc-6.2.0/bin/../lib/gcc/x86_64-pc-linux-gnu/6.2.0/crtbegin.o -L/projects/opt/centos7/gcc/6.2.0/packages/gcc-6.2.0/bin/../lib/gcc/x86_64-pc-linux-gnu/6.2.0 -L/projects/opt/centos7/gcc/6.2.0/packages/gcc-6.2.0/bin/../lib/gcc -L/projects/opt/centos7/gcc/6.2.0/packages/gcc-6.2.0/bin/../lib/gcc/x86_64-pc-linux-gnu/6.2.0/../../../../lib64 -L/lib/../lib64 -L/usr/lib/../lib64 -L/projects/opt/centos7/gcc/6.2.0/packages/gcc-6.2.0/bin/../lib/gcc/x86_64-pc-linux-gnu/6.2.0/../../.. CMakeFiles/cmTryCompileExec3584515376.dir/CMakeCXXCompilerABI.cpp.o -lstdc++ -lm -lgcc_s -lgcc -lc -lgcc_s -lgcc /projects/opt/centos7/gcc/6.2.0/packages/gcc-6.2.0/bin/../lib/gcc/x86_64-pc-linux-gnu/6.2.0/crtend.o /lib/../lib64/crtn.o]
    arg [/projects/opt/centos7/gcc/6.2.0/packages/gcc-6.2.0/bin/../libexec/gcc/x86_64-pc-linux-gnu/6.2.0/collect2] ==> ignore
    arg [-plugin] ==> ignore
    arg [/projects/opt/centos7/gcc/6.2.0/packages/gcc-6.2.0/bin/../libexec/gcc/x86_64-pc-linux-gnu/6.2.0/liblto_plugin.so] ==> ignore
    arg [-plugin-opt=/projects/opt/centos7/gcc/6.2.0/packages/gcc-6.2.0/bin/../libexec/gcc/x86_64-pc-linux-gnu/6.2.0/lto-wrapper] ==> ignore
    arg [-plugin-opt=-fresolution=/tmp/cccWFWBk.res] ==> ignore
    arg [-plugin-opt=-pass-through=-lgcc_s] ==> ignore
    arg [-plugin-opt=-pass-through=-lgcc] ==> ignore
    arg [-plugin-opt=-pass-through=-lc] ==> ignore
    arg [-plugin-opt=-pass-through=-lgcc_s] ==> ignore
    arg [-plugin-opt=-pass-through=-lgcc] ==> ignore
    arg [--eh-frame-hdr] ==> ignore
    arg [-m] ==> ignore
    arg [elf_x86_64] ==> ignore
    arg [-export-dynamic] ==> ignore
    arg [-dynamic-linker] ==> ignore
    arg [/lib64/ld-linux-x86-64.so.2] ==> ignore
    arg [-o] ==> ignore
    arg [cmTryCompileExec3584515376] ==> ignore
    arg [/lib/../lib64/crt1.o] ==> ignore
    arg [/lib/../lib64/crti.o] ==> ignore
    arg [/projects/opt/centos7/gcc/6.2.0/packages/gcc-6.2.0/bin/../lib/gcc/x86_64-pc-linux-gnu/6.2.0/crtbegin.o] ==> ignore
    arg [-L/projects/opt/centos7/gcc/6.2.0/packages/gcc-6.2.0/bin/../lib/gcc/x86_64-pc-linux-gnu/6.2.0] ==> dir [/projects/opt/centos7/gcc/6.2.0/packages/gcc-6.2.0/bin/../lib/gcc/x86_64-pc-linux-gnu/6.2.0]
    arg [-L/projects/opt/centos7/gcc/6.2.0/packages/gcc-6.2.0/bin/../lib/gcc] ==> dir [/projects/opt/centos7/gcc/6.2.0/packages/gcc-6.2.0/bin/../lib/gcc]
    arg [-L/projects/opt/centos7/gcc/6.2.0/packages/gcc-6.2.0/bin/../lib/gcc/x86_64-pc-linux-gnu/6.2.0/../../../../lib64] ==> dir [/projects/opt/centos7/gcc/6.2.0/packages/gcc-6.2.0/bin/../lib/gcc/x86_64-pc-linux-gnu/6.2.0/../../../../lib64]
    arg [-L/lib/../lib64] ==> dir [/lib/../lib64]
    arg [-L/usr/lib/../lib64] ==> dir [/usr/lib/../lib64]
    arg [-L/projects/opt/centos7/gcc/6.2.0/packages/gcc-6.2.0/bin/../lib/gcc/x86_64-pc-linux-gnu/6.2.0/../../..] ==> dir [/projects/opt/centos7/gcc/6.2.0/packages/gcc-6.2.0/bin/../lib/gcc/x86_64-pc-linux-gnu/6.2.0/../../..]
    arg [CMakeFiles/cmTryCompileExec3584515376.dir/CMakeCXXCompilerABI.cpp.o] ==> ignore
    arg [-lstdc++] ==> lib [stdc++]
    arg [-lm] ==> lib [m]
    arg [-lgcc_s] ==> lib [gcc_s]
    arg [-lgcc] ==> lib [gcc]
    arg [-lc] ==> lib [c]
    arg [-lgcc_s] ==> lib [gcc_s]
    arg [-lgcc] ==> lib [gcc]
    arg [/projects/opt/centos7/gcc/6.2.0/packages/gcc-6.2.0/bin/../lib/gcc/x86_64-pc-linux-gnu/6.2.0/crtend.o] ==> ignore
    arg [/lib/../lib64/crtn.o] ==> ignore
  remove lib [gcc_s]
  remove lib [gcc]
  remove lib [gcc_s]
  remove lib [gcc]
  collapse library dir [/projects/opt/centos7/gcc/6.2.0/packages/gcc-6.2.0/bin/../lib/gcc/x86_64-pc-linux-gnu/6.2.0] ==> [/projects/opt/centos7/gcc/6.2.0/packages/gcc-6.2.0/lib/gcc/x86_64-pc-linux-gnu/6.2.0]
  collapse library dir [/projects/opt/centos7/gcc/6.2.0/packages/gcc-6.2.0/bin/../lib/gcc] ==> [/projects/opt/centos7/gcc/6.2.0/packages/gcc-6.2.0/lib/gcc]
  collapse library dir [/projects/opt/centos7/gcc/6.2.0/packages/gcc-6.2.0/bin/../lib/gcc/x86_64-pc-linux-gnu/6.2.0/../../../../lib64] ==> [/projects/opt/centos7/gcc/6.2.0/packages/gcc-6.2.0/lib64]
  collapse library dir [/lib/../lib64] ==> [/lib64]
  collapse library dir [/usr/lib/../lib64] ==> [/usr/lib64]
  collapse library dir [/projects/opt/centos7/gcc/6.2.0/packages/gcc-6.2.0/bin/../lib/gcc/x86_64-pc-linux-gnu/6.2.0/../../..] ==> [/projects/opt/centos7/gcc/6.2.0/packages/gcc-6.2.0/lib]
  implicit libs: [stdc++;m;c]
  implicit dirs: [/projects/opt/centos7/gcc/6.2.0/packages/gcc-6.2.0/lib/gcc/x86_64-pc-linux-gnu/6.2.0;/projects/opt/centos7/gcc/6.2.0/packages/gcc-6.2.0/lib/gcc;/projects/opt/centos7/gcc/6.2.0/packages/gcc-6.2.0/lib64;/lib64;/usr/lib64;/projects/opt/centos7/gcc/6.2.0/packages/gcc-6.2.0/lib]
  implicit fwks: []


